<?xml version="1.0" encoding="UTF-8"?>
<beans xmlns="http://www.springframework.org/schema/beans"
       xmlns:xsi="http://www.w3.org/2001/XMLSchema-instance"
       xmlns:p="http://www.springframework.org/schema/p"
       xmlns:sec="http://www.springframework.org/schema/security"
       xmlns:jaxws="http://cxf.apache.org/jaxws"
       xsi:schemaLocation="http://www.springframework.org/schema/beans http://www.springframework.org/schema/beans/spring-beans.xsd
       http://www.springframework.org/schema/security http://www.springframework.org/schema/security/spring-security.xsd
       http://cxf.apache.org/jaxws http://cxf.apache.org/schemas/jaxws.xsd
       ">

    <bean id="contextSource" class="org.springframework.ldap.core.support.LdapContextSource">
        <property name="pooled" value="false"/>
        <property name="url" value="ldap://localhost:10399"/>
        <property name="userDn" value="uid=admin,ou=system"/>
        <property name="password" value="secret"/>
        <property name="baseEnvironmentProperties">
            <map>
                <entry key="com.sun.jndi.ldap.connect.timeout" value="3000"/>
                <entry key="com.sun.jndi.ldap.read.timeout" value="3000"/>
                <entry key="java.naming.security.authentication" value="simple"/>
            </map>
        </property>
    </bean>

    <bean id="ldapTemplate" class="org.springframework.ldap.core.LdapTemplate">
        <constructor-arg ref="contextSource" />
    </bean>

</beans>